<?xml version="1.0" encoding="UTF-8"?>
<testng-results ignored="0" total="1" passed="1" failed="0" skipped="0">
  <reporter-output>
  </reporter-output>
  <suite started-at="2023-02-19T11:57:38Z" name="Suite" finished-at="2023-02-19T11:57:50Z" duration-ms="12134">
    <groups>
    </groups>
    <test started-at="2023-02-19T11:57:38Z" name="Test" finished-at="2023-02-19T11:57:50Z" duration-ms="12134">
      <class name="com.lambdatest.TestNGTodo1">
        <test-method is-config="true" signature="setup(java.lang.reflect.Method, org.testng.ITestContext)[pri:0, instance:com.lambdatest.TestNGTodo1@38102d01]" started-at="2023-02-19T11:57:38Z" name="setup" finished-at="2023-02-19T11:57:43Z" duration-ms="4971" status="PASS">
          <params>
            <param index="0">
              <value>
                <![CDATA[public void com.lambdatest.TestNGTodo1.basicTest() throws java.lang.InterruptedException]]>
              </value>
            </param>
            <param index="1">
              <value>
                <![CDATA[org.testng.TestRunner@120f102b]]>
              </value>
            </param>
          </params>
          <reporter-output>
          </reporter-output>
        </test-method> <!-- setup -->
        <test-method signature="basicTest()[pri:0, instance:com.lambdatest.TestNGTodo1@38102d01]" started-at="2023-02-19T11:57:43Z" name="basicTest" finished-at="2023-02-19T11:57:50Z" duration-ms="6658" status="PASS">
          <reporter-output>
          </reporter-output>
        </test-method> <!-- basicTest -->
        <test-method is-config="true" signature="tearDown()[pri:0, instance:com.lambdatest.TestNGTodo1@38102d01]" started-at="2023-02-19T11:57:50Z" name="tearDown" finished-at="2023-02-19T11:57:50Z" duration-ms="458" status="PASS">
          <reporter-output>
          </reporter-output>
        </test-method> <!-- tearDown -->
      </class> <!-- com.lambdatest.TestNGTodo1 -->
    </test> <!-- Test -->
  </suite> <!-- Suite -->
</testng-results>
